#
# There is insufficient memory for the Java Runtime Environment to continue.
# Native memory allocation (malloc) failed to allocate 1594736 bytes for Chunk::new
# Possible reasons:
#   The system is out of physical RAM or swap space
#   In 32 bit mode, the process size limit was hit
# Possible solutions:
#   Reduce memory load on the system
#   Increase physical memory or swap space
#   Check if swap backing store is full
#   Use 64 bit Java on a 64 bit OS
#   Decrease Java heap size (-Xmx/-Xms)
#   Decrease number of Java threads
#   Decrease Java thread stack sizes (-Xss)
#   Set larger code cache with -XX:ReservedCodeCacheSize=
# This output file may be truncated or incomplete.
#
#  Out of Memory Error (allocation.cpp:390), pid=18224, tid=0x0000000000002f24
#
# JRE version: Java(TM) SE Runtime Environment (8.0_101-b13) (build 1.8.0_101-b13)
# Java VM: Java HotSpot(TM) 64-Bit Server VM (25.101-b13 mixed mode windows-amd64 compressed oops)
# Failed to write core dump. Minidumps are not enabled by default on client versions of Windows
#

---------------  T H R E A D  ---------------

Current thread (0x0000000017245800):  JavaThread "C2 CompilerThread0" daemon [_thread_in_native, id=12068, stack(0x0000000018fd0000,0x00000000190d0000)]

Stack: [0x0000000018fd0000,0x00000000190d0000]
[error occurred during error reporting (printing stack bounds), id 0xc0000005]

Native frames: (J=compiled Java code, j=interpreted, Vv=VM code, C=native code)


Current CompileTask:
C2: 254321 3516       4       org.apache.xmlbeans.impl.store.Saver::processElement (389 bytes)


---------------  P R O C E S S  ---------------

Java Threads: ( => current thread )
  0x000000001b9fb800 JavaThread "TimerQueue" daemon [_thread_blocked, id=8280, stack(0x000000001d7e0000,0x000000001d8e0000)]
  0x00000000025ce800 JavaThread "DestroyJavaVM" [_thread_blocked, id=16336, stack(0x00000000024a0000,0x00000000025a0000)]
  0x0000000019d2d800 JavaThread "AWT-EventQueue-0" [_thread_in_vm, id=8976, stack(0x000000001a890000,0x000000001a990000)]
  0x00000000194ce800 JavaThread "AWT-Windows" daemon [_thread_in_native, id=7032, stack(0x000000001a6d0000,0x000000001a7d0000)]
  0x00000000194cd800 JavaThread "AWT-Shutdown" [_thread_blocked, id=11836, stack(0x000000001a5d0000,0x000000001a6d0000)]
  0x0000000019d20800 JavaThread "Java2D Disposer" daemon [_thread_blocked, id=16600, stack(0x000000001a4d0000,0x000000001a5d0000)]
  0x000000001727e800 JavaThread "Service Thread" daemon [_thread_blocked, id=12028, stack(0x00000000196d0000,0x00000000197d0000)]
  0x000000001727d800 JavaThread "C1 CompilerThread2" daemon [_thread_blocked, id=16352, stack(0x00000000195d0000,0x00000000196d0000)]
  0x000000001727d000 JavaThread "C2 CompilerThread1" daemon [_thread_in_native, id=5164, stack(0x00000000194d0000,0x00000000195d0000)]
=>0x0000000017245800 JavaThread "C2 CompilerThread0" daemon [_thread_in_native, id=12068, stack(0x0000000018fd0000,0x00000000190d0000)]
  0x0000000017243000 JavaThread "JDWP Command Reader" daemon [_thread_in_native, id=11892, stack(0x0000000018ed0000,0x0000000018fd0000)]
  0x0000000017236000 JavaThread "JDWP Event Helper Thread" daemon [_thread_blocked, id=804, stack(0x0000000018dd0000,0x0000000018ed0000)]
  0x0000000017233800 JavaThread "JDWP Transport Listener: dt_socket" daemon [_thread_blocked, id=1172, stack(0x0000000018cd0000,0x0000000018dd0000)]
  0x000000001721e000 JavaThread "Attach Listener" daemon [_thread_blocked, id=15692, stack(0x0000000018790000,0x0000000018890000)]
  0x000000001721c800 JavaThread "Signal Dispatcher" daemon [_thread_blocked, id=16048, stack(0x0000000018690000,0x0000000018790000)]
  0x000000001720a800 JavaThread "Finalizer" daemon [_thread_blocked, id=17248, stack(0x0000000018480000,0x0000000018580000)]
  0x00000000171e9000 JavaThread "Reference Handler" daemon [_thread_blocked, id=16340, stack(0x0000000018380000,0x0000000018480000)]

Other Threads:
  0x00000000171e7800 VMThread [stack: 0x0000000018280000,0x0000000018380000] [id=10940]
  0x0000000019103000 WatcherThread [stack: 0x00000000197d0000,0x00000000198d0000] [id=16396]

VM state:not at safepoint (normal execution)

VM Mutex/Monitor currently owned by a thread: None

Heap:
 PSYoungGen      total 37888K, used 14493K [0x00000000d6100000, 0x00000000d8b00000, 0x0000000100000000)
  eden space 32768K, 28% used [0x00000000d6100000,0x00000000d6a2f738,0x00000000d8100000)
  from space 5120K, 99% used [0x00000000d8600000,0x00000000d8af8040,0x00000000d8b00000)
  to   space 5120K, 0% used [0x00000000d8100000,0x00000000d8100000,0x00000000d8600000)
 ParOldGen       total 56320K, used 21254K [0x0000000082200000, 0x0000000085900000, 0x00000000d6100000)
  object space 56320K, 37% used [0x0000000082200000,0x00000000836c1a40,0x0000000085900000)
 Metaspace       used 26111K, capacity 26381K, committed 26672K, reserved 1073152K
  class space    used 3213K, capacity 3314K, committed 3376K, reserved 1048576K

Card table byte_map: [0x0000000011b10000,0x0000000011f00000] byte_map_base: 0x00000000116ff000

Marking Bits: (ParMarkBitMap*) 0x00000000541aa6d0
 Begin Bits: [0x00000000125a0000, 0x0000000014518000)
 End Bits:   [0x0000000014518000, 0x0000000016490000)

Polling page: 0x0000000000c30000

CodeCache: size=245760Kb used=12128Kb max_used=12128Kb free=233631Kb
 bounds [0x0000000002750000, 0x0000000003330000, 0x0000000011750000]
 total_blobs=4100 nmethods=3537 adapters=481
 compilation: enabled

Compilation events (10 events):
Event: 254.278 Thread 0x000000001727d800 nmethod 3621 0x000000000332bed0 code [0x000000000332c020, 0x000000000332c130]
Event: 254.282 Thread 0x000000001727d800 3622       2       java.util.regex.Pattern$CharProperty::match (56 bytes)
Event: 254.283 Thread 0x000000001727d800 nmethod 3622 0x000000000332c190 code [0x000000000332c320, 0x000000000332c588]
Event: 254.283 Thread 0x000000001727d800 3624       2       com.sun.org.apache.xerces.internal.dom.NodeImpl::isReadOnly (15 bytes)
Event: 254.283 Thread 0x000000001727d800 nmethod 3624 0x000000000332c6d0 code [0x000000000332c820, 0x000000000332c990]
Event: 254.284 Thread 0x000000001727d800 3625       2       java.net.URI$Parser::substring (10 bytes)
Event: 254.284 Thread 0x000000001727d800 nmethod 3625 0x000000000332ca10 code [0x000000000332cb80, 0x000000000332cd08]
Event: 254.285 Thread 0x000000001727d800 3626       2       com.sun.org.apache.xerces.internal.dom.AttrImpl::getValue (176 bytes)
Event: 254.286 Thread 0x000000001727d800 nmethod 3626 0x000000000332cdd0 code [0x000000000332d040, 0x000000000332dd78]
Event: 254.286 Thread 0x000000001727d800 3627       2       com.sun.org.apache.xml.internal.serializer.ToStream::writeAttrString (117 bytes)

GC Heap History (10 events):
Event: 3.639 GC heap before
{Heap before GC invocations=1 (full 0):
 PSYoungGen      total 37888K, used 32768K [0x00000000d6100000, 0x00000000d8b00000, 0x0000000100000000)
  eden space 32768K, 100% used [0x00000000d6100000,0x00000000d8100000,0x00000000d8100000)
  from space 5120K, 0% used [0x00000000d8600000,0x00000000d8600000,0x00000000d8b00000)
  to   space 5120K, 0% used [0x00000000d8100000,0x00000000d8100000,0x00000000d8600000)
 ParOldGen       total 86016K, used 0K [0x0000000082200000, 0x0000000087600000, 0x00000000d6100000)
  object space 86016K, 0% used [0x0000000082200000,0x0000000082200000,0x0000000087600000)
 Metaspace       used 16030K, capacity 16207K, committed 16512K, reserved 1062912K
  class space    used 2000K, capacity 2077K, committed 2176K, reserved 1048576K
Event: 3.648 GC heap after
Heap after GC invocations=1 (full 0):
 PSYoungGen      total 37888K, used 4786K [0x00000000d6100000, 0x00000000d8b00000, 0x0000000100000000)
  eden space 32768K, 0% used [0x00000000d6100000,0x00000000d6100000,0x00000000d8100000)
  from space 5120K, 93% used [0x00000000d8100000,0x00000000d85ac8a8,0x00000000d8600000)
  to   space 5120K, 0% used [0x00000000d8600000,0x00000000d8600000,0x00000000d8b00000)
 ParOldGen       total 86016K, used 9970K [0x0000000082200000, 0x0000000087600000, 0x00000000d6100000)
  object space 86016K, 11% used [0x0000000082200000,0x0000000082bbc820,0x0000000087600000)
 Metaspace       used 16030K, capacity 16207K, committed 16512K, reserved 1062912K
  class space    used 2000K, capacity 2077K, committed 2176K, reserved 1048576K
}
Event: 252.114 GC heap before
{Heap before GC invocations=2 (full 0):
 PSYoungGen      total 37888K, used 34320K [0x00000000d6100000, 0x00000000d8b00000, 0x0000000100000000)
  eden space 32768K, 90% used [0x00000000d6100000,0x00000000d7dd7b00,0x00000000d8100000)
  from space 5120K, 93% used [0x00000000d8100000,0x00000000d85ac8a8,0x00000000d8600000)
  to   space 5120K, 0% used [0x00000000d8600000,0x00000000d8600000,0x00000000d8b00000)
 ParOldGen       total 86016K, used 9970K [0x0000000082200000, 0x0000000087600000, 0x00000000d6100000)
  object space 86016K, 11% used [0x0000000082200000,0x0000000082bbc820,0x0000000087600000)
 Metaspace       used 20991K, capacity 21199K, committed 21296K, reserved 1069056K
  class space    used 2513K, capacity 2589K, committed 2608K, reserved 1048576K
Event: 252.126 GC heap after
Heap after GC invocations=2 (full 0):
 PSYoungGen      total 37888K, used 5113K [0x00000000d6100000, 0x00000000d8b00000, 0x0000000100000000)
  eden space 32768K, 0% used [0x00000000d6100000,0x00000000d6100000,0x00000000d8100000)
  from space 5120K, 99% used [0x00000000d8600000,0x00000000d8afe470,0x00000000d8b00000)
  to   space 5120K, 0% used [0x00000000d8100000,0x00000000d8100000,0x00000000d8600000)
 ParOldGen       total 86016K, used 13558K [0x0000000082200000, 0x0000000087600000, 0x00000000d6100000)
  object space 86016K, 15% used [0x0000000082200000,0x0000000082f3dbb0,0x0000000087600000)
 Metaspace       used 20991K, capacity 21199K, committed 21296K, reserved 1069056K
  class space    used 2513K, capacity 2589K, committed 2608K, reserved 1048576K
}
Event: 252.126 GC heap before
{Heap before GC invocations=3 (full 1):
 PSYoungGen      total 37888K, used 5113K [0x00000000d6100000, 0x00000000d8b00000, 0x0000000100000000)
  eden space 32768K, 0% used [0x00000000d6100000,0x00000000d6100000,0x00000000d8100000)
  from space 5120K, 99% used [0x00000000d8600000,0x00000000d8afe470,0x00000000d8b00000)
  to   space 5120K, 0% used [0x00000000d8100000,0x00000000d8100000,0x00000000d8600000)
 ParOldGen       total 86016K, used 13558K [0x0000000082200000, 0x0000000087600000, 0x00000000d6100000)
  object space 86016K, 15% used [0x0000000082200000,0x0000000082f3dbb0,0x0000000087600000)
 Metaspace       used 20991K, capacity 21199K, committed 21296K, reserved 1069056K
  class space    used 2513K, capacity 2589K, committed 2608K, reserved 1048576K
Event: 252.173 GC heap after
Heap after GC invocations=3 (full 1):
 PSYoungGen      total 37888K, used 0K [0x00000000d6100000, 0x00000000d8b00000, 0x0000000100000000)
  eden space 32768K, 0% used [0x00000000d6100000,0x00000000d6100000,0x00000000d8100000)
  from space 5120K, 0% used [0x00000000d8600000,0x00000000d8600000,0x00000000d8b00000)
  to   space 5120K, 0% used [0x00000000d8100000,0x00000000d8100000,0x00000000d8600000)
 ParOldGen       total 56320K, used 11889K [0x0000000082200000, 0x0000000085900000, 0x00000000d6100000)
  object space 56320K, 21% used [0x0000000082200000,0x0000000082d9c6a0,0x0000000085900000)
 Metaspace       used 20991K, capacity 21199K, committed 21296K, reserved 1069056K
  class space    used 2513K, capacity 2589K, committed 2608K, reserved 1048576K
}
Event: 253.132 GC heap before
{Heap before GC invocations=4 (full 1):
 PSYoungGen      total 37888K, used 32768K [0x00000000d6100000, 0x00000000d8b00000, 0x0000000100000000)
  eden space 32768K, 100% used [0x00000000d6100000,0x00000000d8100000,0x00000000d8100000)
  from space 5120K, 0% used [0x00000000d8600000,0x00000000d8600000,0x00000000d8b00000)
  to   space 5120K, 0% used [0x00000000d8100000,0x00000000d8100000,0x00000000d8600000)
 ParOldGen       total 56320K, used 11889K [0x0000000082200000, 0x0000000085900000, 0x00000000d6100000)
  object space 56320K, 21% used [0x0000000082200000,0x0000000082d9c6a0,0x0000000085900000)
 Metaspace       used 23833K, capacity 24119K, committed 24368K, reserved 1071104K
  class space    used 2926K, capacity 3017K, committed 3120K, reserved 1048576K
Event: 253.142 GC heap after
Heap after GC invocations=4 (full 1):
 PSYoungGen      total 37888K, used 5106K [0x00000000d6100000, 0x00000000d8b00000, 0x0000000100000000)
  eden space 32768K, 0% used [0x00000000d6100000,0x00000000d6100000,0x00000000d8100000)
  from space 5120K, 99% used [0x00000000d8100000,0x00000000d85fc840,0x00000000d8600000)
  to   space 5120K, 0% used [0x00000000d8600000,0x00000000d8600000,0x00000000d8b00000)
 ParOldGen       total 56320K, used 15974K [0x0000000082200000, 0x0000000085900000, 0x00000000d6100000)
  object space 56320K, 28% used [0x0000000082200000,0x0000000083199b38,0x0000000085900000)
 Metaspace       used 23833K, capacity 24119K, committed 24368K, reserved 1071104K
  class space    used 2926K, capacity 3017K, committed 3120K, reserved 1048576K
}
Event: 253.930 GC heap before
{Heap before GC invocations=5 (full 1):
 PSYoungGen      total 37888K, used 37874K [0x00000000d6100000, 0x00000000d8b00000, 0x0000000100000000)
  eden space 32768K, 100% used [0x00000000d6100000,0x00000000d8100000,0x00000000d8100000)
  from space 5120K, 99% used [0x00000000d8100000,0x00000000d85fc840,0x00000000d8600000)
  to   space 5120K, 0% used [0x00000000d8600000,0x00000000d8600000,0x00000000d8b00000)
 ParOldGen       total 56320K, used 15974K [0x0000000082200000, 0x0000000085900000, 0x00000000d6100000)
  object space 56320K, 28% used [0x0000000082200000,0x0000000083199b38,0x0000000085900000)
 Metaspace       used 25167K, capacity 25377K, committed 25776K, reserved 1071104K
  class space    used 3086K, capacity 3152K, committed 3248K, reserved 1048576K
Event: 253.942 GC heap after
Heap after GC invocations=5 (full 1):
 PSYoungGen      total 37888K, used 5088K [0x00000000d6100000, 0x00000000d8b00000, 0x0000000100000000)
  eden space 32768K, 0% used [0x00000000d6100000,0x00000000d6100000,0x00000000d8100000)
  from space 5120K, 99% used [0x00000000d8600000,0x00000000d8af8040,0x00000000d8b00000)
  to   space 5120K, 0% used [0x00000000d8100000,0x00000000d8100000,0x00000000d8600000)
 ParOldGen       total 56320K, used 21254K [0x0000000082200000, 0x0000000085900000, 0x00000000d6100000)
  object space 56320K, 37% used [0x0000000082200000,0x00000000836c1a40,0x0000000085900000)
 Metaspace       used 25167K, capacity 25377K, committed 25776K, reserved 1071104K
  class space    used 3086K, capacity 3152K, committed 3248K, reserved 1048576K
}

Deoptimization events (10 events):
Event: 254.203 Thread 0x0000000019d2d800 Uncommon trap: reason=class_check action=maybe_recompile pc=0x00000000030d6b38 method=com.sun.org.apache.xerces.internal.dom.NamedNodeMapImpl.findNamePoint(Ljava/lang/String;I)I @ 51
Event: 254.203 Thread 0x0000000019d2d800 Uncommon trap: reason=class_check action=maybe_recompile pc=0x000000000322e958 method=com.sun.org.apache.xerces.internal.dom.AttributeMap.setNamedItem(Lorg/w3c/dom/Node;)Lorg/w3c/dom/Node; @ 4
Event: 254.203 Thread 0x0000000019d2d800 Uncommon trap: reason=class_check action=maybe_recompile pc=0x00000000031ea290 method=com.sun.org.apache.xerces.internal.dom.NamedNodeMapImpl.item(I)Lorg/w3c/dom/Node; @ 30
Event: 254.203 Thread 0x0000000019d2d800 Uncommon trap: reason=class_check action=maybe_recompile pc=0x00000000031ea290 method=com.sun.org.apache.xerces.internal.dom.NamedNodeMapImpl.item(I)Lorg/w3c/dom/Node; @ 30
Event: 254.203 Thread 0x0000000019d2d800 Uncommon trap: reason=class_check action=maybe_recompile pc=0x00000000031ea290 method=com.sun.org.apache.xerces.internal.dom.NamedNodeMapImpl.item(I)Lorg/w3c/dom/Node; @ 30
Event: 254.203 Thread 0x0000000019d2d800 Uncommon trap: reason=class_check action=maybe_recompile pc=0x00000000031ea290 method=com.sun.org.apache.xerces.internal.dom.NamedNodeMapImpl.item(I)Lorg/w3c/dom/Node; @ 30
Event: 254.245 Thread 0x0000000019d2d800 Uncommon trap: reason=bimorphic action=maybe_recompile pc=0x0000000002b84e5c method=java.util.HashMap.putVal(ILjava/lang/Object;Ljava/lang/Object;ZZ)Ljava/lang/Object; @ 203
Event: 254.246 Thread 0x0000000019d2d800 Uncommon trap: reason=bimorphic action=maybe_recompile pc=0x0000000002b84e5c method=java.util.HashMap.putVal(ILjava/lang/Object;Ljava/lang/Object;ZZ)Ljava/lang/Object; @ 203
Event: 254.247 Thread 0x0000000019d2d800 Uncommon trap: reason=bimorphic action=maybe_recompile pc=0x0000000002b84e5c method=java.util.HashMap.putVal(ILjava/lang/Object;Ljava/lang/Object;ZZ)Ljava/lang/Object; @ 203
Event: 254.257 Thread 0x0000000019d2d800 Uncommon trap: reason=unstable_if action=reinterpret pc=0x00000000031e8844 method=com.sun.org.apache.xerces.internal.dom.AttrImpl.getValue()Ljava/lang/String; @ 15

Internal exceptions (10 events):
Event: 251.872 Thread 0x0000000019d2d800 Exception <a 'java/security/PrivilegedActionException'> (0x00000000d77eccf8) thrown at [C:\re\workspace\8-2-build-windows-amd64-cygwin\jdk8u101\7261\hotspot\src\share\vm\prims\jvm.cpp, line 1386]
Event: 251.874 Thread 0x0000000019d2d800 Exception <a 'java/security/PrivilegedActionException'> (0x00000000d77fc198) thrown at [C:\re\workspace\8-2-build-windows-amd64-cygwin\jdk8u101\7261\hotspot\src\share\vm\prims\jvm.cpp, line 1386]
Event: 251.874 Thread 0x0000000019d2d800 Exception <a 'java/security/PrivilegedActionException'> (0x00000000d77fc778) thrown at [C:\re\workspace\8-2-build-windows-amd64-cygwin\jdk8u101\7261\hotspot\src\share\vm\prims\jvm.cpp, line 1386]
Event: 251.875 Thread 0x0000000019d2d800 Exception <a 'java/security/PrivilegedActionException'> (0x00000000d7800cb8) thrown at [C:\re\workspace\8-2-build-windows-amd64-cygwin\jdk8u101\7261\hotspot\src\share\vm\prims\jvm.cpp, line 1386]
Event: 251.875 Thread 0x0000000019d2d800 Exception <a 'java/security/PrivilegedActionException'> (0x00000000d7801298) thrown at [C:\re\workspace\8-2-build-windows-amd64-cygwin\jdk8u101\7261\hotspot\src\share\vm\prims\jvm.cpp, line 1386]
Event: 251.875 Thread 0x0000000019d2d800 Exception <a 'java/security/PrivilegedActionException'> (0x00000000d7805848) thrown at [C:\re\workspace\8-2-build-windows-amd64-cygwin\jdk8u101\7261\hotspot\src\share\vm\prims\jvm.cpp, line 1386]
Event: 251.875 Thread 0x0000000019d2d800 Exception <a 'java/security/PrivilegedActionException'> (0x00000000d7805e28) thrown at [C:\re\workspace\8-2-build-windows-amd64-cygwin\jdk8u101\7261\hotspot\src\share\vm\prims\jvm.cpp, line 1386]
Event: 251.876 Thread 0x0000000019d2d800 Exception <a 'java/security/PrivilegedActionException'> (0x00000000d780a4a8) thrown at [C:\re\workspace\8-2-build-windows-amd64-cygwin\jdk8u101\7261\hotspot\src\share\vm\prims\jvm.cpp, line 1386]
Event: 251.876 Thread 0x0000000019d2d800 Exception <a 'java/security/PrivilegedActionException'> (0x00000000d780aa88) thrown at [C:\re\workspace\8-2-build-windows-amd64-cygwin\jdk8u101\7261\hotspot\src\share\vm\prims\jvm.cpp, line 1386]
Event: 252.088 Thread 0x0000000019d2d800 Implicit null exception at 0x0000000002ed2a62 to 0x0000000002ed2af5

Events (10 events):
Event: 254.257 Thread 0x0000000019d2d800 DEOPT PACKING pc=0x00000000031e8844 sp=0x000000001a98c160
Event: 254.257 Thread 0x0000000019d2d800 DEOPT UNPACKING pc=0x000000000279582a sp=0x000000001a98c140 mode 2
Event: 254.258 loading class com/sun/org/apache/xml/internal/serializer/WriterToASCI
Event: 254.258 loading class com/sun/org/apache/xml/internal/serializer/WriterToASCI done
Event: 254.265 loading class java/text/DontCareFieldPosition
Event: 254.266 loading class java/text/DontCareFieldPosition done
Event: 254.266 loading class java/text/DontCareFieldPosition$1
Event: 254.266 loading class java/text/Format$FieldDelegate
Event: 254.266 loading class java/text/Format$FieldDelegate done
Event: 254.266 loading class java/text/DontCareFieldPosition$1 done


Dynamic libraries:
0x00007ff7d34a0000 - 0x00007ff7d34d7000 	C:\Program Files\Java\jdk1.8.0_101\bin\javaw.exe
0x00007ffd5c5c0000 - 0x00007ffd5c79b000 	C:\WINDOWS\SYSTEM32\ntdll.dll
0x00007ffd59ce0000 - 0x00007ffd59d8e000 	C:\WINDOWS\System32\KERNEL32.DLL
0x00007ffd59820000 - 0x00007ffd59a69000 	C:\WINDOWS\System32\KERNELBASE.dll
0x00007ffd5bba0000 - 0x00007ffd5bc41000 	C:\WINDOWS\System32\ADVAPI32.dll
0x00007ffd59c40000 - 0x00007ffd59cdd000 	C:\WINDOWS\System32\msvcrt.dll
0x00007ffd59bc0000 - 0x00007ffd59c19000 	C:\WINDOWS\System32\sechost.dll
0x00007ffd5ba70000 - 0x00007ffd5bb95000 	C:\WINDOWS\System32\RPCRT4.dll
0x00007ffd5b750000 - 0x00007ffd5b89a000 	C:\WINDOWS\System32\USER32.dll
0x00007ffd58ae0000 - 0x00007ffd58afe000 	C:\WINDOWS\System32\win32u.dll
0x00007ffd59b90000 - 0x00007ffd59bb7000 	C:\WINDOWS\System32\GDI32.dll
0x00007ffd59470000 - 0x00007ffd595f7000 	C:\WINDOWS\System32\gdi32full.dll
0x00007ffd58cd0000 - 0x00007ffd58d6a000 	C:\WINDOWS\System32\msvcp_win.dll
0x00007ffd596b0000 - 0x00007ffd597a6000 	C:\WINDOWS\System32\ucrtbase.dll
0x00007ffd4dca0000 - 0x00007ffd4df07000 	C:\WINDOWS\WinSxS\amd64_microsoft.windows.common-controls_6595b64144ccf1df_6.0.15063.483_none_26002d27e7c744a2\COMCTL32.dll
0x00007ffd5bf50000 - 0x00007ffd5c249000 	C:\WINDOWS\System32\combase.dll
0x00007ffd597b0000 - 0x00007ffd5981a000 	C:\WINDOWS\System32\bcryptPrimitives.dll
0x00007ffd59e40000 - 0x00007ffd59e6d000 	C:\WINDOWS\System32\IMM32.DLL
0x0000000053880000 - 0x0000000053952000 	C:\Program Files\Java\jdk1.8.0_101\jre\bin\msvcr100.dll
0x0000000053990000 - 0x000000005422a000 	C:\Program Files\Java\jdk1.8.0_101\jre\bin\server\jvm.dll
0x00007ffd59c20000 - 0x00007ffd59c28000 	C:\WINDOWS\System32\PSAPI.DLL
0x00007ffd56ee0000 - 0x00007ffd56ee9000 	C:\WINDOWS\SYSTEM32\WSOCK32.dll
0x00007ffd59b20000 - 0x00007ffd59b8c000 	C:\WINDOWS\System32\WS2_32.dll
0x00007ffd57080000 - 0x00007ffd570a3000 	C:\WINDOWS\SYSTEM32\WINMM.dll
0x00007ffd4db30000 - 0x00007ffd4db3a000 	C:\WINDOWS\SYSTEM32\VERSION.dll
0x00007ffd57020000 - 0x00007ffd5704b000 	C:\WINDOWS\SYSTEM32\WINMMBASE.dll
0x00007ffd59660000 - 0x00007ffd596a9000 	C:\WINDOWS\System32\cfgmgr32.dll
0x0000000055970000 - 0x000000005597f000 	C:\Program Files\Java\jdk1.8.0_101\jre\bin\verify.dll
0x0000000055940000 - 0x0000000055969000 	C:\Program Files\Java\jdk1.8.0_101\jre\bin\java.dll
0x00000000535e0000 - 0x0000000053615000 	C:\Program Files\Java\jdk1.8.0_101\jre\bin\jdwp.dll
0x00000000535d0000 - 0x00000000535d8000 	C:\Program Files\Java\jdk1.8.0_101\jre\bin\npt.dll
0x0000000055920000 - 0x0000000055936000 	C:\Program Files\Java\jdk1.8.0_101\jre\bin\zip.dll
0x00007ffd59e70000 - 0x00007ffd5b2a7000 	C:\WINDOWS\System32\SHELL32.dll
0x00007ffd59d90000 - 0x00007ffd59e3a000 	C:\WINDOWS\System32\shcore.dll
0x00007ffd58d70000 - 0x00007ffd59461000 	C:\WINDOWS\System32\windows.storage.dll
0x00007ffd5b2b0000 - 0x00007ffd5b301000 	C:\WINDOWS\System32\shlwapi.dll
0x00007ffd58a30000 - 0x00007ffd58a41000 	C:\WINDOWS\System32\kernel.appcore.dll
0x00007ffd58a90000 - 0x00007ffd58adc000 	C:\WINDOWS\System32\powrprof.dll
0x00007ffd58a70000 - 0x00007ffd58a85000 	C:\WINDOWS\System32\profapi.dll
0x00000000535c0000 - 0x00000000535c9000 	C:\Program Files\Java\jdk1.8.0_101\jre\bin\dt_socket.dll
0x00007ffd46300000 - 0x00007ffd46316000 	C:\WINDOWS\system32\napinsp.dll
0x00007ffd446e0000 - 0x00007ffd446fa000 	C:\WINDOWS\system32\pnrpnsp.dll
0x00007ffd56d40000 - 0x00007ffd56d58000 	C:\WINDOWS\system32\NLAapi.dll
0x00007ffd58340000 - 0x00007ffd5839c000 	C:\WINDOWS\System32\mswsock.dll
0x00007ffd58120000 - 0x00007ffd581c4000 	C:\WINDOWS\SYSTEM32\DNSAPI.dll
0x00007ffd5bc50000 - 0x00007ffd5bc58000 	C:\WINDOWS\System32\NSI.dll
0x00007ffd580e0000 - 0x00007ffd58117000 	C:\WINDOWS\SYSTEM32\IPHLPAPI.DLL
0x00007ffd490b0000 - 0x00007ffd490be000 	C:\WINDOWS\System32\winrnr.dll
0x00007ffd53f00000 - 0x00007ffd53f6b000 	C:\WINDOWS\System32\fwpuclnt.dll
0x00007ffd585f0000 - 0x00007ffd58615000 	C:\WINDOWS\SYSTEM32\bcrypt.dll
0x00007ffd4e270000 - 0x00007ffd4e27a000 	C:\Windows\System32\rasadhlp.dll
0x00000000536c0000 - 0x0000000053858000 	C:\Program Files\Java\jdk1.8.0_101\jre\bin\awt.dll
0x00007ffd5c500000 - 0x00007ffd5c5c0000 	C:\WINDOWS\System32\OLEAUT32.dll
0x00007ffd56c40000 - 0x00007ffd56cbe000 	C:\WINDOWS\SYSTEM32\apphelp.dll
0x00007ffd57330000 - 0x00007ffd573c5000 	C:\WINDOWS\system32\uxtheme.dll
0x00007ffd5b900000 - 0x00007ffd5ba66000 	C:\WINDOWS\System32\MSCTF.dll
0x00007ffd45b40000 - 0x00007ffd45be1000 	C:\Program Files\Common Files\microsoft shared\ink\tiptsf.dll
0x00007ffd56fc0000 - 0x00007ffd56fea000 	C:\WINDOWS\system32\dwmapi.dll
0x00007ffd5bc60000 - 0x00007ffd5bda5000 	C:\WINDOWS\System32\ole32.dll
0x0000000055900000 - 0x000000005591a000 	C:\Program Files\Java\jdk1.8.0_101\jre\bin\net.dll
0x00007ffd542d0000 - 0x00007ffd542db000 	C:\WINDOWS\SYSTEM32\WINNSI.DLL
0x0000000053670000 - 0x00000000536b7000 	C:\Program Files\Java\jdk1.8.0_101\jre\bin\fontmanager.dll
0x00000000558e0000 - 0x00000000558f1000 	C:\Program Files\Java\jdk1.8.0_101\jre\bin\nio.dll
0x0000000053620000 - 0x0000000053662000 	C:\Program Files\Java\jdk1.8.0_101\jre\bin\t2k.dll
0x00007ffd4a340000 - 0x00007ffd4a3c2000 	C:\WINDOWS\System32\TextInputFramework.dll
0x00007ffd56460000 - 0x00007ffd56544000 	C:\WINDOWS\System32\CoreMessaging.dll
0x00007ffd52bc0000 - 0x00007ffd52e93000 	C:\WINDOWS\System32\CoreUIComponents.dll
0x00007ffd57ba0000 - 0x00007ffd57bd1000 	C:\WINDOWS\SYSTEM32\ntmarta.dll
0x00007ffd55250000 - 0x00007ffd55389000 	C:\WINDOWS\SYSTEM32\wintypes.dll
0x00007ffd534b0000 - 0x00007ffd534c5000 	C:\WINDOWS\SYSTEM32\usermgrcli.dll
0x00007ffd5be30000 - 0x00007ffd5bece000 	C:\WINDOWS\System32\clbcatq.dll
0x00007ffd45200000 - 0x00007ffd453c5000 	C:\Windows\System32\uiautomationcore.dll
0x00007ffd58890000 - 0x00007ffd5892a000 	C:\WINDOWS\SYSTEM32\sxs.dll
0x00007ffd45ad0000 - 0x00007ffd45b3b000 	C:\Windows\System32\OLEACC.dll
0x00007ffd48c00000 - 0x00007ffd48c82000 	C:\WINDOWS\SYSTEM32\twinapi.dll
0x00007ffd574c0000 - 0x00007ffd57630000 	C:\WINDOWS\SYSTEM32\twinapi.appcore.dll
0x00007ffd53300000 - 0x00007ffd534ac000 	C:\WINDOWS\SYSTEM32\WindowsCodecs.dll
0x00007ffd2e0f0000 - 0x00007ffd2e137000 	C:\WINDOWS\system32\dataexchange.dll
0x00007ffd55770000 - 0x00007ffd55a4f000 	C:\WINDOWS\system32\d3d11.dll
0x00007ffd57a40000 - 0x00007ffd57ae4000 	C:\WINDOWS\system32\dxgi.dll
0x00007ffd567f0000 - 0x00007ffd56912000 	C:\WINDOWS\system32\dcomp.dll

VM Arguments:
jvm_args: -agentlib:jdwp=transport=dt_socket,suspend=y,address=localhost:45752 -Dfile.encoding=UTF-8 
java_command: nl.detoren.ijsco.ui.Mainscreen
java_class_path (initial): C:\Program Files\Java\jdk1.8.0_101\jre\lib\resources.jar;C:\Program Files\Java\jdk1.8.0_101\jre\lib\rt.jar;C:\Program Files\Java\jdk1.8.0_101\jre\lib\jsse.jar;C:\Program Files\Java\jdk1.8.0_101\jre\lib\jce.jar;C:\Program Files\Java\jdk1.8.0_101\jre\lib\charsets.jar;C:\Program Files\Java\jdk1.8.0_101\jre\lib\jfr.jar;C:\Program Files\Java\jdk1.8.0_101\jre\lib\ext\access-bridge-64.jar;C:\Program Files\Java\jdk1.8.0_101\jre\lib\ext\cldrdata.jar;C:\Program Files\Java\jdk1.8.0_101\jre\lib\ext\dnsns.jar;C:\Program Files\Java\jdk1.8.0_101\jre\lib\ext\jaccess.jar;C:\Program Files\Java\jdk1.8.0_101\jre\lib\ext\jfxrt.jar;C:\Program Files\Java\jdk1.8.0_101\jre\lib\ext\localedata.jar;C:\Program Files\Java\jdk1.8.0_101\jre\lib\ext\nashorn.jar;C:\Program Files\Java\jdk1.8.0_101\jre\lib\ext\sunec.jar;C:\Program Files\Java\jdk1.8.0_101\jre\lib\ext\sunjce_provider.jar;C:\Program Files\Java\jdk1.8.0_101\jre\lib\ext\sunmscapi.jar;C:\Program Files\Java\jdk1.8.0_101\jre\lib\ext\sunpkcs11.jar;C:\Program Files\Java\jdk1.8.0_101\jre\lib\ext\zipfs.jar;C:\Users\lpdam.AMITY\git\IJSCO_UI\IJSCO_app\bin;C:\Users\lpdam.AMITY\git\IJSCO_UI\IJSCO_app\lib\commons-math3-3.6.1.jar;C:\Users\lpdam.AMITY\git\IJSCO_UI\IJSCO_app\lib\gson-2.2.2.jar;C:\Users\lpdam.AMITY\git\IJSCO_UI\IJSCO_app\lib\commons-codec-1.10.jar;C:\Users\lpdam.AMITY\git\IJSCO_UI\IJSCO_app\lib\commons-collections4-4.1.jar;C:\Users\lpdam.AMITY\git\IJSCO_UI\IJSCO_app\lib\poi-3.16.jar;C:\Users\lpdam.AMITY\git\IJSCO_UI\IJSCO_app\lib\poi-ooxml-3.16.jar;C:\Users\lpdam.AMITY\git\IJSCO_UI\IJSCO_app\lib\poi-ooxml-schemas-3.16.jar;C:\Users\lpdam.AMITY\git\IJSCO_UI\IJSCO_app\lib\xmlbeans-2.6.0.jar;C:\Users\lpdam.AMITY\Documents\IJSCO_UI\IJSCO_app\lib\jsoup-1.10.3.jar
Launcher Type: SUN_STANDARD

Environment Variables:
PATH=C:\Program Files\Java\jdk1.8.0_101\jre\bin;C:/Program Files/Java/jdk1.8.0_101/jre/bin/server;C:/Program Files/Java/jdk1.8.0_101/jre/bin;C:/Program Files/Java/jdk1.8.0_101/jre/lib/amd64;C:\Program Files\Microsoft MPI\Bin\;C:\ProgramData\Oracle\Java\javapath;c:\Program Files (x86)\Intel\iCLS Client\;c:\Program Files\Intel\iCLS Client\;C:\WINDOWS\system32;C:\WINDOWS;C:\WINDOWS\System32\Wbem;C:\WINDOWS\System32\WindowsPowerShell\v1.0\;C:\Program Files (x86)\Intel\OpenCL SDK\2.0\bin\x86;C:\Program Files (x86)\Intel\OpenCL SDK\2.0\bin\x64;C:\Program Files\Intel\WiFi\bin\;C:\Program Files\Common Files\Intel\WirelessCommon\;C:\Program Files\Intel\Intel(R) Management Engine Components\DAL;C:\Program Files\Intel\Intel(R) Management Engine Components\IPT;C:\Program Files (x86)\Intel\Intel(R) Management Engine Components\DAL;C:\Program Files (x86)\Intel\Intel(R) Management Engine Components\IPT;C:\Program Files (x86)\Microsoft SQL Server\Client SDK\ODBC\130\Tools\Binn\;C:\Program Files (x86)\Microsoft SQL Server\130\Tools\Binn\;C:\Program Files (x86)\Microsoft SQL Server\130\DTS\Binn\;C:\Program Files (x86)\Microsoft SQL Server\130\Tools\Binn\ManagementStudio\;c:\Program Files (x86)\Microsoft SQL Server\100\Tools\Binn\;c:\Program Files\Microsoft SQL Server\100\Tools\Binn\;c:\Program Files\Microsoft SQL Server\100\DTS\Binn\;C:\Program Files (x86)\Windows Kits\10\Windows Performance Toolkit\;C:\Program Files\dotnet\;C:\Program Files\Git\cmd;C:\Program Files (x86)\GtkSharp\2.12\bin;C:\Users\lpdam.AMITY\AppData\Local\Programs\Python\Python35\Scripts\;C:\Users\lpdam.AMITY\AppData\Local\Programs\Python\Python35\;%USERPROFILE%\AppData\Local\Microsoft\WindowsApps;;C:\Users\lpdam.AMITY\Desktop;
USERNAME=lpdam
OS=Windows_NT
PROCESSOR_IDENTIFIER=Intel64 Family 6 Model 58 Stepping 9, GenuineIntel



---------------  S Y S T E M  ---------------

OS: Windows 10.0 , 64 bit Build 15063 (10.0.15063.296)

CPU:total 4 (2 cores per cpu, 2 threads per core) family 6 model 58 stepping 9, cmov, cx8, fxsr, mmx, sse, sse2, sse3, ssse3, sse4.1, sse4.2, popcnt, avx, aes, clmul, erms, ht, tsc, tscinvbit, tscinv

Memory: 4k page, physical 8245360k(2006652k free), swap 12976472k(4292k free)

vm_info: Java HotSpot(TM) 64-Bit Server VM (25.101-b13) for windows-amd64 JRE (1.8.0_101-b13), built on Jun 22 2016 01:21:29 by "java_re" with MS VC++ 10.0 (VS2010)

time: Fri Mar 02 20:26:46 2018
elapsed time: 254 seconds (0d 0h 4m 14s)

